2016-08-09 13:19:03.559 [restartedMain] INFO  com.sfteam.wxzysh.Application -Starting Application on WIN-6 with PID 7472 (C:\Users\Administrator\git\life-pc\target\classes started by Administrator in C:\Users\Administrator\git\life-pc)
2016-08-09 13:19:03.565 [restartedMain] INFO  com.sfteam.wxzysh.Application -No active profile set, falling back to default profiles: default
2016-08-09 13:19:03.787 [restartedMain] INFO  o.s.b.c.e.AnnotationConfigEmbeddedWebApplicationContext -Refreshing org.springframework.boot.context.embedded.AnnotationConfigEmbeddedWebApplicationContext@ff3425: startup date [Tue Aug 09 13:19:03 CST 2016]; root of context hierarchy
2016-08-09 13:19:05.363 [restartedMain] INFO  o.s.b.c.e.t.TomcatEmbeddedServletContainer -Tomcat initialized with port(s): 10080 (http)
2016-08-09 13:19:05.372 [restartedMain] INFO  o.a.catalina.core.StandardService -Starting service Tomcat
2016-08-09 13:19:05.373 [restartedMain] INFO  o.a.catalina.core.StandardEngine -Starting Servlet Engine: Apache Tomcat/8.0.33
2016-08-09 13:19:05.434 [localhost-startStop-1] INFO  o.a.c.c.C.[Tomcat].[localhost].[/] -Initializing Spring embedded WebApplicationContext
2016-08-09 13:19:05.434 [localhost-startStop-1] INFO  o.s.web.context.ContextLoader -Root WebApplicationContext: initialization completed in 1647 ms
2016-08-09 13:19:05.667 [localhost-startStop-1] INFO  o.s.b.c.e.ServletRegistrationBean -Mapping servlet: 'dispatcherServlet' to [/]
2016-08-09 13:19:05.671 [localhost-startStop-1] INFO  o.s.b.c.e.FilterRegistrationBean -Mapping filter: 'hiddenHttpMethodFilter' to: [/*]
2016-08-09 13:19:05.671 [localhost-startStop-1] INFO  o.s.b.c.e.FilterRegistrationBean -Mapping filter: 'httpPutFormContentFilter' to: [/*]
2016-08-09 13:19:05.671 [localhost-startStop-1] INFO  o.s.b.c.e.FilterRegistrationBean -Mapping filter: 'requestContextFilter' to: [/*]
2016-08-09 13:19:05.672 [localhost-startStop-1] INFO  o.s.b.c.e.FilterRegistrationBean -Mapping filter: 'characterEncodingFilter' to: [/*]
2016-08-09 13:19:05.855 [restartedMain] INFO  o.s.w.s.m.m.a.RequestMappingHandlerAdapter -Looking for @ControllerAdvice: org.springframework.boot.context.embedded.AnnotationConfigEmbeddedWebApplicationContext@ff3425: startup date [Tue Aug 09 13:19:03 CST 2016]; root of context hierarchy
2016-08-09 13:19:05.925 [restartedMain] INFO  o.s.w.s.m.m.a.RequestMappingHandlerMapping -Mapped "{[/error]}" onto public org.springframework.http.ResponseEntity<java.util.Map<java.lang.String, java.lang.Object>> com.sfteam.wxzysh.controller.AppErrorController.error(javax.servlet.http.HttpServletRequest)
2016-08-09 13:19:05.926 [restartedMain] INFO  o.s.w.s.m.m.a.RequestMappingHandlerMapping -Mapped "{[/error],produces=[text/html]}" onto public org.springframework.web.servlet.ModelAndView com.sfteam.wxzysh.controller.AppErrorController.errorHtml(javax.servlet.http.HttpServletRequest)
2016-08-09 13:19:05.929 [restartedMain] INFO  o.s.w.s.m.m.a.RequestMappingHandlerMapping -Mapped "{[/brand/list/{keyword}]}" onto public java.lang.String com.sfteam.wxzysh.controller.BrandController.list()
2016-08-09 13:19:05.930 [restartedMain] INFO  o.s.w.s.m.m.a.RequestMappingHandlerMapping -Mapped "{[/brand/{brandId}]}" onto public java.lang.String com.sfteam.wxzysh.controller.BrandController.showBrandInfo(java.lang.String,org.springframework.ui.Model,javax.servlet.http.HttpServletRequest)
2016-08-09 13:19:05.931 [restartedMain] INFO  o.s.w.s.m.m.a.RequestMappingHandlerMapping -Mapped "{[/brand/allComment]}" onto public java.lang.String com.sfteam.wxzysh.controller.BrandController.allCommment(javax.servlet.http.HttpServletRequest)
2016-08-09 13:19:05.931 [restartedMain] INFO  o.s.w.s.m.m.a.RequestMappingHandlerMapping -Mapped "{[/brand/myComment]}" onto public java.lang.String com.sfteam.wxzysh.controller.BrandController.myComment(javax.servlet.http.HttpServletRequest)
2016-08-09 13:19:05.931 [restartedMain] INFO  o.s.w.s.m.m.a.RequestMappingHandlerMapping -Mapped "{[/brand/vioce/{brandId}]}" onto public java.lang.String com.sfteam.wxzysh.controller.BrandController.showVioce(java.lang.String,org.springframework.ui.Model,javax.servlet.http.HttpServletRequest)
2016-08-09 13:19:05.935 [restartedMain] INFO  o.s.w.s.m.m.a.RequestMappingHandlerMapping -Mapped "{[/comment/{commentId}]}" onto public java.lang.String com.sfteam.wxzysh.controller.CommentController.showCommentInfo(java.lang.String,org.springframework.ui.Model)
2016-08-09 13:19:05.935 [restartedMain] INFO  o.s.w.s.m.m.a.RequestMappingHandlerMapping -Mapped "{[/comment/reply]}" onto public java.lang.String com.sfteam.wxzysh.controller.CommentController.getReplyList(javax.servlet.http.HttpServletRequest)
2016-08-09 13:19:05.935 [restartedMain] INFO  o.s.w.s.m.m.a.RequestMappingHandlerMapping -Mapped "{[/comment/addComment]}" onto public java.lang.String com.sfteam.wxzysh.controller.CommentController.addComment(javax.servlet.http.HttpServletRequest,com.sfteam.wxzysh.dto.Comment,org.springframework.ui.Model)
2016-08-09 13:19:05.936 [restartedMain] INFO  o.s.w.s.m.m.a.RequestMappingHandlerMapping -Mapped "{[/comment/zan]}" onto public java.lang.String com.sfteam.wxzysh.controller.CommentController.zan(javax.servlet.http.HttpServletRequest)
2016-08-09 13:19:05.941 [restartedMain] INFO  o.s.w.s.m.m.a.RequestMappingHandlerMapping -Mapped "{[]}" onto public java.lang.String com.sfteam.wxzysh.controller.IndexController.index(javax.servlet.http.HttpServletRequest,org.springframework.ui.Model)
2016-08-09 13:19:05.942 [restartedMain] INFO  o.s.w.s.m.m.a.RequestMappingHandlerMapping -Mapped "{[/{pageNo}]}" onto public java.lang.String com.sfteam.wxzysh.controller.IndexController.index(java.lang.String,javax.servlet.http.HttpServletRequest,org.springframework.ui.Model)
2016-08-09 13:19:05.942 [restartedMain] INFO  o.s.w.s.m.m.a.RequestMappingHandlerMapping -Mapped "{[/srh],methods=[POST]}" onto public java.lang.String com.sfteam.wxzysh.controller.IndexController.search(javax.servlet.http.HttpServletRequest,org.springframework.ui.Model)
2016-08-09 13:19:05.943 [restartedMain] INFO  o.s.w.s.m.m.a.RequestMappingHandlerMapping -Mapped "{[/signin],methods=[GET]}" onto public java.lang.String com.sfteam.wxzysh.controller.IndexController.showSignin(javax.servlet.http.HttpServletRequest)
2016-08-09 13:19:05.943 [restartedMain] INFO  o.s.w.s.m.m.a.RequestMappingHandlerMapping -Mapped "{[/signup/{telephone}],methods=[GET]}" onto public java.lang.String com.sfteam.wxzysh.controller.IndexController.showSignup(java.lang.String,javax.servlet.http.HttpServletRequest,org.springframework.ui.Model)
2016-08-09 13:19:05.943 [restartedMain] INFO  o.s.w.s.m.m.a.RequestMappingHandlerMapping -Mapped "{[/signup],methods=[GET]}" onto public java.lang.String com.sfteam.wxzysh.controller.IndexController.showSignup(javax.servlet.http.HttpServletRequest,org.springframework.ui.Model)
2016-08-09 13:19:05.943 [restartedMain] INFO  o.s.w.s.m.m.a.RequestMappingHandlerMapping -Mapped "{[/carousel]}" onto public java.lang.String com.sfteam.wxzysh.controller.IndexController.carousel(javax.servlet.http.HttpServletRequest)
2016-08-09 13:19:05.944 [restartedMain] INFO  o.s.w.s.m.m.a.RequestMappingHandlerMapping -Mapped "{[/about]}" onto public java.lang.String com.sfteam.wxzysh.controller.IndexController.showAbout()
2016-08-09 13:19:05.944 [restartedMain] INFO  o.s.w.s.m.m.a.RequestMappingHandlerMapping -Mapped "{[/notice]}" onto public java.lang.String com.sfteam.wxzysh.controller.IndexController.showNotice()
2016-08-09 13:19:05.945 [restartedMain] INFO  o.s.w.s.m.m.a.RequestMappingHandlerMapping -Mapped "{[/getQ],methods=[GET]}" onto public void com.sfteam.wxzysh.controller.IndexController.getQRCode(javax.servlet.http.HttpServletResponse) throws java.io.IOException
2016-08-09 13:19:05.945 [restartedMain] INFO  o.s.w.s.m.m.a.RequestMappingHandlerMapping -Mapped "{[/subcate/{cate_pid}]}" onto public java.lang.String com.sfteam.wxzysh.controller.IndexController.subcate(java.lang.String)
2016-08-09 13:19:05.945 [restartedMain] INFO  o.s.w.s.m.m.a.RequestMappingHandlerMapping -Mapped "{[/taglist/{cate_id}]}" onto public java.lang.String com.sfteam.wxzysh.controller.IndexController.taglist(java.lang.String)
2016-08-09 13:19:05.946 [restartedMain] INFO  o.s.w.s.m.m.a.RequestMappingHandlerMapping -Mapped "{[/signin],methods=[POST]}" onto public java.lang.String com.sfteam.wxzysh.controller.LoginController.login(javax.servlet.http.HttpServletRequest,com.sfteam.wxzysh.dto.User,org.springframework.ui.Model)
2016-08-09 13:19:05.952 [restartedMain] INFO  o.s.w.s.m.m.a.RequestMappingHandlerMapping -Mapped "{[/person/profile],methods=[POST]}" onto public java.lang.String com.sfteam.wxzysh.controller.PersonController.updateProfile(javax.servlet.http.HttpServletRequest,com.sfteam.wxzysh.dto.User,org.springframework.ui.Model)
2016-08-09 13:19:05.953 [restartedMain] INFO  o.s.w.s.m.m.a.RequestMappingHandlerMapping -Mapped "{[/person]}" onto public java.lang.String com.sfteam.wxzysh.controller.PersonController.showIndex(javax.servlet.http.HttpServletRequest)
2016-08-09 13:19:05.953 [restartedMain] INFO  o.s.w.s.m.m.a.RequestMappingHandlerMapping -Mapped "{[/person/profile]}" onto public java.lang.String com.sfteam.wxzysh.controller.PersonController.showProfile(javax.servlet.http.HttpServletRequest,org.springframework.ui.Model)
2016-08-09 13:19:05.953 [restartedMain] INFO  o.s.w.s.m.m.a.RequestMappingHandlerMapping -Mapped "{[/person/profit]}" onto public java.lang.String com.sfteam.wxzysh.controller.PersonController.showProfit(javax.servlet.http.HttpServletRequest)
2016-08-09 13:19:05.954 [restartedMain] INFO  o.s.w.s.m.m.a.RequestMappingHandlerMapping -Mapped "{[/person/auth],methods=[POST]}" onto public java.lang.String com.sfteam.wxzysh.controller.PersonController.showAuth(javax.servlet.http.HttpServletRequest,com.sfteam.wxzysh.dto.User)
2016-08-09 13:19:05.954 [restartedMain] INFO  o.s.w.s.m.m.a.RequestMappingHandlerMapping -Mapped "{[/person/auth]}" onto public java.lang.String com.sfteam.wxzysh.controller.PersonController.showAuth(javax.servlet.http.HttpServletRequest,org.springframework.ui.Model)
2016-08-09 13:19:05.954 [restartedMain] INFO  o.s.w.s.m.m.a.RequestMappingHandlerMapping -Mapped "{[/person/sysmsg/{pageNo}]}" onto public java.lang.String com.sfteam.wxzysh.controller.PersonController.showSysmsg(javax.servlet.http.HttpServletRequest,java.lang.String)
2016-08-09 13:19:05.954 [restartedMain] INFO  o.s.w.s.m.m.a.RequestMappingHandlerMapping -Mapped "{[/person/sysmsg]}" onto public java.lang.String com.sfteam.wxzysh.controller.PersonController.showSysmsg(javax.servlet.http.HttpServletRequest,org.springframework.ui.Model)
2016-08-09 13:19:05.955 [restartedMain] INFO  o.s.w.s.m.m.a.RequestMappingHandlerMapping -Mapped "{[/person/reply]}" onto public java.lang.String com.sfteam.wxzysh.controller.PersonController.showReply(javax.servlet.http.HttpServletRequest,org.springframework.ui.Model)
2016-08-09 13:19:05.955 [restartedMain] INFO  o.s.w.s.m.m.a.RequestMappingHandlerMapping -Mapped "{[/person/replyMe]}" onto public java.lang.String com.sfteam.wxzysh.controller.PersonController.replyMe(javax.servlet.http.HttpServletRequest)
2016-08-09 13:19:05.955 [restartedMain] INFO  o.s.w.s.m.m.a.RequestMappingHandlerMapping -Mapped "{[/person/myReply]}" onto public java.lang.String com.sfteam.wxzysh.controller.PersonController.myReply(javax.servlet.http.HttpServletRequest)
2016-08-09 13:19:05.956 [restartedMain] INFO  o.s.w.s.m.m.a.RequestMappingHandlerMapping -Mapped "{[/person/remark]}" onto public java.lang.String com.sfteam.wxzysh.controller.PersonController.showRemark(javax.servlet.http.HttpServletRequest,org.springframework.ui.Model)
2016-08-09 13:19:05.956 [restartedMain] INFO  o.s.w.s.m.m.a.RequestMappingHandlerMapping -Mapped "{[/person/remark/{pageNo}]}" onto public java.lang.String com.sfteam.wxzysh.controller.PersonController.showRemark(java.lang.String,javax.servlet.http.HttpServletRequest)
2016-08-09 13:19:05.956 [restartedMain] INFO  o.s.w.s.m.m.a.RequestMappingHandlerMapping -Mapped "{[/person/chgPass]}" onto public java.lang.String com.sfteam.wxzysh.controller.PersonController.chgPass(javax.servlet.http.HttpServletRequest)
2016-08-09 13:19:05.958 [restartedMain] INFO  o.s.w.s.m.m.a.RequestMappingHandlerMapping -Mapped "{[/signup],methods=[POST]}" onto public java.lang.String com.sfteam.wxzysh.controller.RegisterController.register(javax.servlet.http.HttpServletRequest,com.sfteam.wxzysh.dto.User,org.springframework.ui.Model)
2016-08-09 13:19:05.958 [restartedMain] INFO  o.s.w.s.m.m.a.RequestMappingHandlerMapping -Mapped "{[/signup/getCode],methods=[GET]}" onto public java.lang.String com.sfteam.wxzysh.controller.RegisterController.getCode(javax.servlet.http.HttpServletRequest)
2016-08-09 13:19:05.961 [restartedMain] INFO  o.s.w.s.m.m.a.RequestMappingHandlerMapping -Mapped "{[/sys/getShare]}" onto public java.lang.String com.sfteam.wxzysh.controller.SystemController.getShare(javax.servlet.http.HttpServletRequest)
2016-08-09 13:19:05.961 [restartedMain] INFO  o.s.w.s.m.m.a.RequestMappingHandlerMapping -Mapped "{[/sys/feed]}" onto public java.lang.String com.sfteam.wxzysh.controller.SystemController.feed(javax.servlet.http.HttpServletRequest,com.sfteam.wxzysh.dto.Feed)
2016-08-09 13:19:05.962 [restartedMain] INFO  o.s.w.s.m.m.a.RequestMappingHandlerMapping -Mapped "{[/sys/upload],methods=[POST]}" onto public java.lang.String com.sfteam.wxzysh.controller.SystemController.upload(javax.servlet.http.HttpServletRequest,javax.servlet.http.HttpServletResponse,org.springframework.web.multipart.MultipartFile) throws java.lang.Exception
2016-08-09 13:19:05.962 [restartedMain] INFO  o.s.w.s.m.m.a.RequestMappingHandlerMapping -Mapped "{[/sys/logout]}" onto public java.lang.String com.sfteam.wxzysh.controller.SystemController.logout(javax.servlet.http.HttpServletRequest)
2016-08-09 13:19:06.015 [restartedMain] INFO  o.s.w.s.h.SimpleUrlHandlerMapping -Mapped URL path [/webjars/**] onto handler of type [class org.springframework.web.servlet.resource.ResourceHttpRequestHandler]
2016-08-09 13:19:06.016 [restartedMain] INFO  o.s.w.s.h.SimpleUrlHandlerMapping -Mapped URL path [/**] onto handler of type [class org.springframework.web.servlet.resource.ResourceHttpRequestHandler]
2016-08-09 13:19:06.060 [restartedMain] INFO  o.s.w.s.h.SimpleUrlHandlerMapping -Mapped URL path [/**/favicon.ico] onto handler of type [class org.springframework.web.servlet.resource.ResourceHttpRequestHandler]
2016-08-09 13:19:06.559 [restartedMain] INFO  o.s.b.d.a.OptionalLiveReloadServer -LiveReload server is running on port 35729
2016-08-09 13:19:06.635 [restartedMain] INFO  o.s.j.e.a.AnnotationMBeanExporter -Registering beans for JMX exposure on startup
2016-08-09 13:19:06.730 [restartedMain] INFO  o.s.b.c.e.t.TomcatEmbeddedServletContainer -Tomcat started on port(s): 10080 (http)
2016-08-09 13:19:06.737 [restartedMain] INFO  com.sfteam.wxzysh.Application -Started Application in 3.447 seconds (JVM running for 3.856)
2016-08-09 13:20:27.830 [http-nio-10080-exec-1] INFO  o.a.c.c.C.[Tomcat].[localhost].[/] -Initializing Spring FrameworkServlet 'dispatcherServlet'
2016-08-09 13:20:27.831 [http-nio-10080-exec-1] INFO  o.s.web.servlet.DispatcherServlet -FrameworkServlet 'dispatcherServlet': initialization started
2016-08-09 13:20:27.842 [http-nio-10080-exec-1] INFO  o.s.web.servlet.DispatcherServlet -FrameworkServlet 'dispatcherServlet': initialization completed in 10 ms
2016-08-09 15:27:53.732 [http-nio-10080-exec-2] INFO  c.s.w.controller.LoginController -用户：15161644051 于1470727673732登录系统！
2016-08-09 15:28:02.337 [http-nio-10080-exec-7] INFO  c.s.w.controller.LoginController -用户：15161644051 于1470727682337登录系统！
